# JRE version: OpenJDK Runtime Environment (9.0) (build 9-internal+0-2016-04-14-195246.buildd.src)
# Java VM: OpenJDK 64-Bit Server VM (9-internal+0-2016-04-14-195246.buildd.src, mixed mode, tiered, compressed oops, g1 gc, linux-amd64)
Heap:
 garbage-first heap   total 391168K, used 252539K [0x00000000c0000000, 0x00000000c0100bf0, 0x0000000100000000)
  region size 1024K, 166 young (169984K), 3 survivors (3072K)
 Metaspace       used 125430K, capacity 136166K, committed 136248K, reserved 1167360K
  class space    used 14169K, capacity 17487K, committed 17488K, reserved 1048576K
GC Heap History (10 events):
Event: 2513,871 GC heap before
{Heap before GC invocations=142 (full 0):
 garbage-first heap   total 391168K, used 139228K [0x00000000c0000000, 0x00000000c0100bf0, 0x0000000100000000)
  region size 1024K, 19 young (19456K), 2 survivors (2048K)
 Metaspace       used 124388K, capacity 134904K, committed 135096K, reserved 1167360K
  class space    used 14066K, capacity 17308K, committed 17360K, reserved 1048576K
}
Event: 2513,891 GC heap after
{Heap after GC invocations=143 (full 0):
 garbage-first heap   total 391168K, used 84414K [0x00000000c0000000, 0x00000000c0100bf0, 0x0000000100000000)
  region size 1024K, 2 young (2048K), 2 survivors (2048K)
 Metaspace       used 124388K, capacity 134904K, committed 135096K, reserved 1167360K
  class space    used 14066K, capacity 17308K, committed 17360K, reserved 1048576K
}
Event: 2552,203 GC heap before
{Heap before GC invocations=143 (full 0):
 garbage-first heap   total 391168K, used 249278K [0x00000000c0000000, 0x00000000c0100bf0, 0x0000000100000000)
  region size 1024K, 163 young (166912K), 2 survivors (2048K)
 Metaspace       used 124416K, capacity 134904K, committed 135096K, reserved 1167360K
  class space    used 14066K, capacity 17308K, committed 17360K, reserved 1048576K
}
Event: 2552,222 GC heap after
{Heap after GC invocations=144 (full 0):
 garbage-first heap   total 391168K, used 84317K [0x00000000c0000000, 0x00000000c0100bf0, 0x0000000100000000)
  region size 1024K, 2 young (2048K), 2 survivors (2048K)
 Metaspace       used 124416K, capacity 134904K, committed 135096K, reserved 1167360K
  class space    used 14066K, capacity 17308K, committed 17360K, reserved 1048576K
}
Event: 2588,737 GC heap before
{Heap before GC invocations=145 (full 0):
 garbage-first heap   total 391168K, used 259421K [0x00000000c0000000, 0x00000000c0100bf0, 0x0000000100000000)
  region size 1024K, 171 young (175104K), 2 survivors (2048K)
 Metaspace       used 124495K, capacity 135032K, committed 135352K, reserved 1167360K
  class space    used 14066K, capacity 17308K, committed 17360K, reserved 1048576K
}
Event: 2588,745 GC heap after
{Heap after GC invocations=146 (full 0):
 garbage-first heap   total 391168K, used 84385K [0x00000000c0000000, 0x00000000c0100bf0, 0x0000000100000000)
  region size 1024K, 2 young (2048K), 2 survivors (2048K)
 Metaspace       used 124495K, capacity 135032K, committed 135352K, reserved 1167360K
  class space    used 14066K, capacity 17308K, committed 17360K, reserved 1048576K
}
Event: 2590,338 GC heap before
{Heap before GC invocations=146 (full 0):
 garbage-first heap   total 391168K, used 101793K [0x00000000c0000000, 0x00000000c0100bf0, 0x0000000100000000)
  region size 1024K, 19 young (19456K), 2 survivors (2048K)
 Metaspace       used 124495K, capacity 135032K, committed 135352K, reserved 1167360K
  class space    used 14066K, capacity 17308K, committed 17360K, reserved 1048576K
}
Event: 2590,346 GC heap after
{Heap after GC invocations=147 (full 0):
 garbage-first heap   total 391168K, used 83872K [0x00000000c0000000, 0x00000000c0100bf0, 0x0000000100000000)
  region size 1024K, 2 young (2048K), 2 survivors (2048K)
 Metaspace       used 124495K, capacity 135032K, committed 135352K, reserved 1167360K
  class space    used 14066K, capacity 17308K, committed 17360K, reserved 1048576K
}
Event: 2619,127 GC heap before
{Heap before GC invocations=147 (full 0):
 garbage-first heap   total 391168K, used 265120K [0x00000000c0000000, 0x00000000c0100bf0, 0x0000000100000000)
  region size 1024K, 179 young (183296K), 2 survivors (2048K)
 Metaspace       used 124558K, capacity 135096K, committed 135352K, reserved 1167360K
  class space    used 14068K, capacity 17308K, committed 17360K, reserved 1048576K
}
Event: 2619,140 GC heap after
{Heap after GC invocations=148 (full 0):
 garbage-first heap   total 391168K, used 84603K [0x00000000c0000000, 0x00000000c0100bf0, 0x0000000100000000)
  region size 1024K, 3 young (3072K), 3 survivors (3072K)
 Metaspace       used 124558K, capacity 135096K, committed 135352K, reserved 1167360K
  class space    used 14068K, capacity 17308K, committed 17360K, reserved 1048576K
}

